<?xml version="1.0" encoding="UTF-8"?>
<testsuite xmlns:xsi="http://www.w3.org/2001/XMLSchema-instance" xsi:noNamespaceSchemaLocation="https://maven.apache.org/surefire/maven-surefire-plugin/xsd/surefire-test-report.xsd" name="com.sb.sb2.Sb2XmlApplicationTests" time="2.669" tests="3" errors="2" skipped="0" failures="0">
  <properties>
[...]
</properties>
  <testcase name="testBeanPostProcessor" classname="com.sb.sb2.Sb2XmlApplicationTests" time="0.192">
    <error type="java.lang.NullPointerException">java.lang.NullPointerException
	at com.sb.sb2.Sb2XmlApplicationTests.testBeanPostProcessor(Sb2XmlApplicationTests.java:61)
</error>
    <system-out><![CDATA[17:05:51.521 [main] DEBUG org.springframework.test.context.junit4.SpringJUnit4ClassRunner - SpringJUnit4ClassRunner constructor called with [class com.sb.sb2.Sb2XmlApplicationTests]
17:05:51.525 [main] DEBUG org.springframework.test.context.BootstrapUtils - Instantiating CacheAwareContextLoaderDelegate from class [org.springframework.test.context.cache.DefaultCacheAwareContextLoaderDelegate]
17:05:51.531 [main] DEBUG org.springframework.test.context.BootstrapUtils - Instantiating BootstrapContext using constructor [public org.springframework.test.context.support.DefaultBootstrapContext(java.lang.Class,org.springframework.test.context.CacheAwareContextLoaderDelegate)]
17:05:51.549 [main] DEBUG org.springframework.test.context.BootstrapUtils - Instantiating TestContextBootstrapper for test class [com.sb.sb2.Sb2XmlApplicationTests] from class [org.springframework.boot.test.context.SpringBootTestContextBootstrapper]
17:05:51.559 [main] INFO org.springframework.boot.test.context.SpringBootTestContextBootstrapper - Neither @ContextConfiguration nor @ContextHierarchy found for test class [com.sb.sb2.Sb2XmlApplicationTests], using SpringBootContextLoader
17:05:51.562 [main] DEBUG org.springframework.test.context.support.AbstractContextLoader - Did not detect default resource location for test class [com.sb.sb2.Sb2XmlApplicationTests]: class path resource [com/sb/sb2/Sb2XmlApplicationTests-context.xml] does not exist
17:05:51.562 [main] DEBUG org.springframework.test.context.support.AbstractContextLoader - Did not detect default resource location for test class [com.sb.sb2.Sb2XmlApplicationTests]: class path resource [com/sb/sb2/Sb2XmlApplicationTestsContext.groovy] does not exist
17:05:51.563 [main] INFO org.springframework.test.context.support.AbstractContextLoader - Could not detect default resource locations for test class [com.sb.sb2.Sb2XmlApplicationTests]: no resource found for suffixes {-context.xml, Context.groovy}.
17:05:51.563 [main] INFO org.springframework.test.context.support.AnnotationConfigContextLoaderUtils - Could not detect default configuration classes for test class [com.sb.sb2.Sb2XmlApplicationTests]: Sb2XmlApplicationTests does not declare any static, non-private, non-final, nested classes annotated with @Configuration.
17:05:51.599 [main] DEBUG org.springframework.test.context.support.ActiveProfilesUtils - Could not find an 'annotation declaring class' for annotation type [org.springframework.test.context.ActiveProfiles] and class [com.sb.sb2.Sb2XmlApplicationTests]
17:05:51.661 [main] DEBUG org.springframework.context.annotation.ClassPathScanningCandidateComponentProvider - Identified candidate component class: file [/Users/huangyan110110114/sb2/target/classes/com/sb/sb2/Sb2Application.class]
17:05:51.662 [main] INFO org.springframework.boot.test.context.SpringBootTestContextBootstrapper - Found @SpringBootConfiguration com.sb.sb2.Sb2Application for test class com.sb.sb2.Sb2XmlApplicationTests
17:05:51.754 [main] DEBUG org.springframework.boot.test.context.SpringBootTestContextBootstrapper - @TestExecutionListeners is not present for class [com.sb.sb2.Sb2XmlApplicationTests]: using defaults.
17:05:51.754 [main] INFO org.springframework.boot.test.context.SpringBootTestContextBootstrapper - Loaded default TestExecutionListener class names from location [META-INF/spring.factories]: [org.springframework.boot.test.mock.mockito.MockitoTestExecutionListener, org.springframework.boot.test.mock.mockito.ResetMocksTestExecutionListener, org.springframework.boot.test.autoconfigure.restdocs.RestDocsTestExecutionListener, org.springframework.boot.test.autoconfigure.web.client.MockRestServiceServerResetTestExecutionListener, org.springframework.boot.test.autoconfigure.web.servlet.MockMvcPrintOnlyOnFailureTestExecutionListener, org.springframework.boot.test.autoconfigure.web.servlet.WebDriverTestExecutionListener, org.springframework.test.context.web.ServletTestExecutionListener, org.springframework.test.context.support.DirtiesContextBeforeModesTestExecutionListener, org.springframework.test.context.support.DependencyInjectionTestExecutionListener, org.springframework.test.context.support.DirtiesContextTestExecutionListener, org.springframework.test.context.transaction.TransactionalTestExecutionListener, org.springframework.test.context.jdbc.SqlScriptsTestExecutionListener]
17:05:51.769 [main] INFO org.springframework.boot.test.context.SpringBootTestContextBootstrapper - Using TestExecutionListeners: [org.springframework.test.context.web.ServletTestExecutionListener@79924b, org.springframework.test.context.support.DirtiesContextBeforeModesTestExecutionListener@7b9a4292, org.springframework.boot.test.mock.mockito.MockitoTestExecutionListener@4a94ee4, org.springframework.boot.test.autoconfigure.SpringBootDependencyInjectionTestExecutionListener@4cc451f2, org.springframework.test.context.support.DirtiesContextTestExecutionListener@6379eb, org.springframework.test.context.transaction.TransactionalTestExecutionListener@294425a7, org.springframework.test.context.jdbc.SqlScriptsTestExecutionListener@67d48005, org.springframework.boot.test.mock.mockito.ResetMocksTestExecutionListener@9f116cc, org.springframework.boot.test.autoconfigure.restdocs.RestDocsTestExecutionListener@12468a38, org.springframework.boot.test.autoconfigure.web.client.MockRestServiceServerResetTestExecutionListener@1aa7ecca, org.springframework.boot.test.autoconfigure.web.servlet.MockMvcPrintOnlyOnFailureTestExecutionListener@59309333, org.springframework.boot.test.autoconfigure.web.servlet.WebDriverTestExecutionListener@5876a9af]
17:05:51.771 [main] DEBUG org.springframework.test.annotation.ProfileValueUtils - Retrieved @ProfileValueSourceConfiguration [null] for test class [com.sb.sb2.Sb2XmlApplicationTests]
17:05:51.771 [main] DEBUG org.springframework.test.annotation.ProfileValueUtils - Retrieved ProfileValueSource type [class org.springframework.test.annotation.SystemProfileValueSource] for class [com.sb.sb2.Sb2XmlApplicationTests]
17:05:51.773 [main] DEBUG org.springframework.test.annotation.ProfileValueUtils - Retrieved @ProfileValueSourceConfiguration [null] for test class [com.sb.sb2.Sb2XmlApplicationTests]
17:05:51.773 [main] DEBUG org.springframework.test.annotation.ProfileValueUtils - Retrieved ProfileValueSource type [class org.springframework.test.annotation.SystemProfileValueSource] for class [com.sb.sb2.Sb2XmlApplicationTests]
17:05:51.773 [main] DEBUG org.springframework.test.annotation.ProfileValueUtils - Retrieved @ProfileValueSourceConfiguration [null] for test class [com.sb.sb2.Sb2XmlApplicationTests]
17:05:51.774 [main] DEBUG org.springframework.test.annotation.ProfileValueUtils - Retrieved ProfileValueSource type [class org.springframework.test.annotation.SystemProfileValueSource] for class [com.sb.sb2.Sb2XmlApplicationTests]
17:05:51.778 [main] DEBUG org.springframework.test.context.support.AbstractDirtiesContextTestExecutionListener - Before test class: context [DefaultTestContext@74fe5c40 testClass = Sb2XmlApplicationTests, testInstance = [null], testMethod = [null], testException = [null], mergedContextConfiguration = [WebMergedContextConfiguration@3febb011 testClass = Sb2XmlApplicationTests, locations = '{}', classes = '{class com.sb.sb2.Sb2Application}', contextInitializerClasses = '[]', activeProfiles = '{}', propertySourceLocations = '{}', propertySourceProperties = '{org.springframework.boot.test.context.SpringBootTestContextBootstrapper=true}', contextCustomizers = set[[ImportsContextCustomizer@10e31a9a key = [@org.springframework.context.annotation.Import(value=[class com.sb.sb2.ioc.ann.MyBeanImport]), @org.springframework.test.context.BootstrapWith(value=class org.springframework.boot.test.context.SpringBootTestContextBootstrapper), @org.junit.runner.RunWith(value=class org.springframework.test.context.junit4.SpringRunner), @org.springframework.boot.test.context.SpringBootTest(webEnvironment=MOCK, value=[], properties=[], classes=[])]], org.springframework.boot.test.context.filter.ExcludeFilterContextCustomizer@1a1d6a08, org.springframework.boot.test.json.DuplicateJsonObjectContextCustomizerFactory$DuplicateJsonObjectContextCustomizer@436e852b, org.springframework.boot.test.mock.mockito.MockitoContextCustomizer@0, org.springframework.boot.test.web.client.TestRestTemplateContextCustomizer@5f3a4b84, org.springframework.boot.test.autoconfigure.properties.PropertyMappingContextCustomizer@0, org.springframework.boot.test.autoconfigure.web.servlet.WebDriverContextCustomizerFactory$Customizer@612fc6eb], resourceBasePath = 'src/main/webapp', contextLoader = 'org.springframework.boot.test.context.SpringBootContextLoader', parent = [null]], attributes = map['org.springframework.test.context.web.ServletTestExecutionListener.activateListener' -> true]], class annotated with @DirtiesContext [false] with mode [null].
17:05:51.779 [main] DEBUG org.springframework.test.annotation.ProfileValueUtils - Retrieved @ProfileValueSourceConfiguration [null] for test class [com.sb.sb2.Sb2XmlApplicationTests]
17:05:51.779 [main] DEBUG org.springframework.test.annotation.ProfileValueUtils - Retrieved ProfileValueSource type [class org.springframework.test.annotation.SystemProfileValueSource] for class [com.sb.sb2.Sb2XmlApplicationTests]
17:05:51.798 [main] DEBUG org.springframework.test.context.support.TestPropertySourceUtils - Adding inlined properties to environment: {spring.jmx.enabled=false, org.springframework.boot.test.context.SpringBootTestContextBootstrapper=true, server.port=-1}

  .   ____          _            __ _ _
 /\\ / ___'_ __ _ _(_)_ __  __ _ \ \ \ \
( ( )\___ | '_ | '_| | '_ \/ _` | \ \ \ \
 \\/  ___)| |_)| | | | | || (_| |  ) ) ) )
  '  |____| .__|_| |_|_| |_\__, | / / / /
 =========|_|==============|___/=/_/_/_/
 :: Spring Boot ::        (v2.1.6.RELEASE)

2020-09-16 17:05:51.997  INFO 97489 --- [           main] com.sb.sb2.initializer.ThirdInitializer  : 自定以【系统初始化器】【ThirdInitializer】启动 ...
2020-09-16 17:05:52.025  INFO 97489 --- [           main] com.sb.sb2.Sb2XmlApplicationTests        : Starting Sb2XmlApplicationTests on JRMCQAHAMD6M with PID 97489 (started by huangyan110110114 in /Users/huangyan110110114/sb2)
2020-09-16 17:05:52.026  INFO 97489 --- [           main] com.sb.sb2.Sb2XmlApplicationTests        : No active profile set, falling back to default profiles: default
2020-09-16 17:05:52.040  INFO 97489 --- [           main] com.sb.sb2.listener.FourthListener       : 自定义【监听器】【监听SpringBoot启动事件】【FourthListener】启动 ...
2020-09-16 17:05:52.627  WARN 97489 --- [           main] o.m.s.mapper.ClassPathMapperScanner      : No MyBatis mapper was found in '[com.sb.sb2]' package. Please check your configuration.
2020-09-16 17:05:52.920  INFO 97489 --- [           main] trationDelegate$BeanPostProcessorChecker : Bean 'org.springframework.transaction.annotation.ProxyTransactionManagementConfiguration' of type [org.springframework.transaction.annotation.ProxyTransactionManagementConfiguration$$EnhancerBySpringCGLIB$$e695b60b] is not eligible for getting processed by all BeanPostProcessors (for example: not eligible for auto-proxying)
2020-09-16 17:05:53.872  INFO 97489 --- [           main] com.sb.sb2.Sb2XmlApplicationTests        : Started Sb2XmlApplicationTests in 2.066 seconds (JVM running for 2.706)
2020-09-16 17:05:53.872  INFO 97489 --- [           main] com.sb.sb2.listener.ThridListener        : 自定义【监听器】【监听SpringBoot启动事件】【ThridListener】启动 ...
2020-09-16 17:05:53.872  INFO 97489 --- [           main] com.sb.sb2.listener.FirstListener        : 自定义【监听器】【监听SpringBoot启动事件】【FirstListener】启动 ...
2020-09-16 17:05:53.872  INFO 97489 --- [           main] com.sb.sb2.listener.FourthListener       : 自定义【监听器】【监听SpringBoot启动事件】【FourthListener】启动 ...
]]></system-out>
  </testcase>
  <testcase name="testBeanAnnotation" classname="com.sb.sb2.Sb2XmlApplicationTests" time="0.001">
    <error type="java.lang.NullPointerException">java.lang.NullPointerException
	at com.sb.sb2.Sb2XmlApplicationTests.testBeanAnnotation(Sb2XmlApplicationTests.java:52)
</error>
  </testcase>
  <testcase name="testXmlBean" classname="com.sb.sb2.Sb2XmlApplicationTests" time="0.002"/>
</testsuite>